<?xml version="1.0" encoding="UTF-8"?>
<testng-results skipped="0" failed="0" ignored="0" total="1" passed="1">
  <reporter-output>
  </reporter-output>
  <suite name="Default suite" duration-ms="35354" started-at="2019-03-22T19:46:18Z" finished-at="2019-03-22T19:46:53Z">
    <groups>
    </groups>
    <test name="Default test" duration-ms="35354" started-at="2019-03-22T19:46:18Z" finished-at="2019-03-22T19:46:53Z">
      <class name="assignment.Scenario1">
        <test-method status="PASS" signature="openApplication()[pri:0, instance:assignment.Scenario1@4b9e13df]" name="openApplication" is-config="true" duration-ms="11109" started-at="2019-03-22T19:46:18Z" finished-at="2019-03-22T19:46:29Z">
          <reporter-output>
          </reporter-output>
        </test-method> <!-- openApplication -->
        <test-method status="PASS" signature="gmailLogin()[pri:0, instance:assignment.Scenario1@4b9e13df]" name="gmailLogin" duration-ms="24224" started-at="2019-03-22T19:46:29Z" finished-at="2019-03-22T19:46:53Z">
          <reporter-output>
          </reporter-output>
        </test-method> <!-- gmailLogin -->
      </class> <!-- assignment.Scenario1 -->
    </test> <!-- Default test -->
  </suite> <!-- Default suite -->
</testng-results>
